Using pre-set license
Built from '2020.3/release' branch; Version is '2020.3.7f1 (dd97f2c94397) revision 14522354'; Using compiler version '192528614'; Build Type 'Release'
OS: 'Windows 10 Pro; OS build 19043.1083; Version 2009; 64bit' Language: 'tr' Physical Memory: 8155 MB
BatchMode: 1, IsHumanControllingUs: 0, StartBugReporterOnCrash: 0, Is64bit: 1, IsPro: 0

 COMMAND LINE ARGUMENTS:
C:\Program Files\Unity\Hub\Editor\2020.3.7f1\Editor\Unity.exe
-adb2
-batchMode
-noUpm
-name
AssetImportWorker0
-projectPath
C:/Users/evliya/Documents/GitHub/zombie-invasion/New Unity Project
-logFile
Logs/AssetImportWorker0.log
-srvPort
62632
Successfully changed project path to: C:/Users/evliya/Documents/GitHub/zombie-invasion/New Unity Project
C:/Users/evliya/Documents/GitHub/zombie-invasion/New Unity Project
Using Asset Import Pipeline V2.
Refreshing native plugins compatible for Editor in 76.65 ms, found 0 plugins.
Preloading 0 native plugins for Editor in 0.00 ms.
Initialize engine version: 2020.3.7f1 (dd97f2c94397)
[Subsystems] Discovering subsystems at path C:/Program Files/Unity/Hub/Editor/2020.3.7f1/Editor/Data/Resources/UnitySubsystems
[Subsystems] Discovering subsystems at path C:/Users/evliya/Documents/GitHub/zombie-invasion/New Unity Project/Assets
GfxDevice: creating device client; threaded=0
Direct3D:
    Version:  Direct3D 11.0 [level 11.0]
    Renderer: NVIDIA GeForce GT 630 (ID=0x1284)
    Vendor:   
    VRAM:     2007 MB
    Driver:   27.21.14.6677
Shader 'Universal Render Pipeline/Particles/Lit': fallback shader 'Universal Render Pipeline/Particles/SimpleLit' not found
Initialize mono
Mono path[0] = 'C:/Program Files/Unity/Hub/Editor/2020.3.7f1/Editor/Data/Managed'
Mono path[1] = 'C:/Program Files/Unity/Hub/Editor/2020.3.7f1/Editor/Data/MonoBleedingEdge/lib/mono/unityjit'
Mono config path = 'C:/Program Files/Unity/Hub/Editor/2020.3.7f1/Editor/Data/MonoBleedingEdge/etc'
Using monoOptions --debugger-agent=transport=dt_socket,embedding=1,server=y,suspend=n,address=127.0.0.1:56504
Begin MonoManager ReloadAssembly
Registering precompiled unity dll's ...
Register platform support module: C:/Program Files/Unity/Hub/Editor/2020.3.7f1/Editor/Data/PlaybackEngines/WindowsStandaloneSupport/UnityEditor.WindowsStandalone.Extensions.dll
Registered in 0.002589 seconds.
Native extension for WindowsStandalone target not found
Refreshing native plugins compatible for Editor in 74.90 ms, found 0 plugins.
Preloading 0 native plugins for Editor in 0.00 ms.
Mono: successfully reloaded assembly
- Completed reload, in  2.375 seconds
Platform modules already initialized, skipping
Registering precompiled user dll's ...
Registered in 0.001933 seconds.
Begin MonoManager ReloadAssembly
Native extension for WindowsStandalone target not found
Refreshing native plugins compatible for Editor in 90.18 ms, found 0 plugins.
Preloading 0 native plugins for Editor in 0.00 ms.
Mono: successfully reloaded assembly
- Completed reload, in  1.406 seconds
Platform modules already initialized, skipping
========================================================================
Worker process is ready to serve import requests
Shader 'Universal Render Pipeline/Particles/Lit': fallback shader 'Universal Render Pipeline/Particles/SimpleLit' not found
Launched and connected shader compiler UnityShaderCompiler.exe after 0.06 seconds
Refreshing native plugins compatible for Editor in 0.65 ms, found 0 plugins.
Preloading 0 native plugins for Editor in 0.00 ms.
Unloading 2473 Unused Serialized files (Serialized files now loaded: 0)
System memory in use before: 117.5 MB.
System memory in use after: 117.7 MB.

Unloading 10 unused Assets to reduce memory usage. Loaded Objects now: 2918.
Total: 3.049200 ms (FindLiveObjects: 0.400600 ms CreateObjectMapping: 0.258600 ms MarkObjects: 2.300500 ms  DeleteObjects: 0.087800 ms)

========================================================================
Received Import Request.
  path: Assets/scripts/GameControll
  artifactKey: Guid(9b3cf6802f475414183608d5cafe84f8) Importer(815301076,1909f56bfc062723c751e8b465ee728b)
Start importing Assets/scripts/GameControll using Guid(9b3cf6802f475414183608d5cafe84f8) Importer(815301076,1909f56bfc062723c751e8b465ee728b)  -> (artifact id: 'd48cbb8c46018c42687a1b488a74cdf3') in 0.017957 seconds
  Import took 0.024670 seconds .

========================================================================
Received Import Request.
  Time since last request: 0.000583 seconds.
  path: Assets/scripts/Zombie/ZombieScript.cs
  artifactKey: Guid(8207023ae30d0d7848ac06ccc9299aff) Importer(815301076,1909f56bfc062723c751e8b465ee728b)
Start importing Assets/scripts/Zombie/ZombieScript.cs using Guid(8207023ae30d0d7848ac06ccc9299aff) Importer(815301076,1909f56bfc062723c751e8b465ee728b)  -> (artifact id: '6a503259613b22159a98e8e6bb6a414e') in 0.051268 seconds
  Import took 0.056927 seconds .

========================================================================
Received Import Request.
  Time since last request: 0.000268 seconds.
  path: Assets/scripts/GameUIControll
  artifactKey: Guid(b750e1235f1de3efb8f146ba2db88c91) Importer(815301076,1909f56bfc062723c751e8b465ee728b)
Start importing Assets/scripts/GameUIControll using Guid(b750e1235f1de3efb8f146ba2db88c91) Importer(815301076,1909f56bfc062723c751e8b465ee728b)  -> (artifact id: '453cfce5860b73514945464a21f513ef') in 0.010816 seconds
  Import took 0.019300 seconds .

========================================================================
Received Import Request.
  Time since last request: 0.000260 seconds.
  path: Assets/scripts/HomeScript
  artifactKey: Guid(fe627a2cc1545cfd39e4aa7615631883) Importer(815301076,1909f56bfc062723c751e8b465ee728b)
Start importing Assets/scripts/HomeScript using Guid(fe627a2cc1545cfd39e4aa7615631883) Importer(815301076,1909f56bfc062723c751e8b465ee728b)  -> (artifact id: 'd97b93b2a5bba4da77b3b02fa699b534') in 0.012661 seconds
  Import took 0.021125 seconds .

========================================================================
Received Import Request.
  Time since last request: 0.058508 seconds.
  path: Assets/scripts/Player
  artifactKey: Guid(6b1b0bd2bbe0b4f02b43da8bb28d656f) Importer(815301076,1909f56bfc062723c751e8b465ee728b)
Start importing Assets/scripts/Player using Guid(6b1b0bd2bbe0b4f02b43da8bb28d656f) Importer(815301076,1909f56bfc062723c751e8b465ee728b)  -> (artifact id: 'a25c60bbd294943c6eddd3ff4a74a4ec') in 0.011551 seconds
  Import took 0.018563 seconds .

========================================================================
Received Import Request.
  Time since last request: 1.626744 seconds.
  path: Assets/scripts/Player/PlayerScript.cs
  artifactKey: Guid(d665b113ce34fa141b696e62d5c6b64e) Importer(815301076,1909f56bfc062723c751e8b465ee728b)
Start importing Assets/scripts/Player/PlayerScript.cs using Guid(d665b113ce34fa141b696e62d5c6b64e) Importer(815301076,1909f56bfc062723c751e8b465ee728b)  -> (artifact id: 'bbebe3d02a09976efe7f20f9b6968b55') in 0.011720 seconds
  Import took 0.021606 seconds .

========================================================================
Received Import Request.
  Time since last request: 176.495528 seconds.
  path: Assets/scripts/Player/PlayerScript.cs
  artifactKey: Guid(d665b113ce34fa141b696e62d5c6b64e) Importer(815301076,1909f56bfc062723c751e8b465ee728b)
Start importing Assets/scripts/Player/PlayerScript.cs using Guid(d665b113ce34fa141b696e62d5c6b64e) Importer(815301076,1909f56bfc062723c751e8b465ee728b)  -> (artifact id: '8cba9d375dbdaeb42484af1bd038cb9e') in 0.021482 seconds
  Import took 0.033767 seconds .

========================================================================
Received Prepare
Registering precompiled user dll's ...
Registered in 0.002490 seconds.
Begin MonoManager ReloadAssembly
Native extension for WindowsStandalone target not found
Refreshing native plugins compatible for Editor in 0.65 ms, found 0 plugins.
Preloading 0 native plugins for Editor in 0.00 ms.
Mono: successfully reloaded assembly
- Completed reload, in  2.124 seconds
Platform modules already initialized, skipping
Switching build target platform(5) subTarget(0) extendedPlatform(0) -> platform(13) subTarget(537395200) extendedPlatform(0)
Shader 'Universal Render Pipeline/Particles/Lit': fallback shader 'Universal Render Pipeline/Particles/SimpleLit' not found
Refreshing native plugins compatible for Editor in 0.64 ms, found 0 plugins.
Preloading 0 native plugins for Editor in 0.00 ms.
Unloading 2352 Unused Serialized files (Serialized files now loaded: 0)
System memory in use before: 108.5 MB.
System memory in use after: 108.7 MB.

Unloading 5 unused Assets to reduce memory usage. Loaded Objects now: 2921.
Total: 3.630200 ms (FindLiveObjects: 0.646000 ms CreateObjectMapping: 0.541900 ms MarkObjects: 2.414900 ms  DeleteObjects: 0.025600 ms)

AssetImportParameters requested are different than current active one (requested -> active):
  custom:graphics/normal-map-encoding: 01000000000000000000000000000000 -> 02000000000000000000000000000000
========================================================================
Received Import Request.
  Time since last request: 46.416218 seconds.
  path: Assets/scripts/GameUIControll/PlaySceneControll.cs
  artifactKey: Guid(9dc174f43f44345438382a971c03b073) Importer(815301076,1909f56bfc062723c751e8b465ee728b)
Start importing Assets/scripts/GameUIControll/PlaySceneControll.cs using Guid(9dc174f43f44345438382a971c03b073) Importer(815301076,1909f56bfc062723c751e8b465ee728b)  -> (artifact id: 'e954758e112d1feb85befb136413e06c') in 0.045737 seconds
  Import took 0.064032 seconds .

========================================================================
Received Prepare
Registering precompiled user dll's ...
Registered in 0.002089 seconds.
Begin MonoManager ReloadAssembly
Native extension for WindowsStandalone target not found
Refreshing native plugins compatible for Editor in 0.96 ms, found 0 plugins.
Preloading 0 native plugins for Editor in 0.00 ms.
Mono: successfully reloaded assembly
- Completed reload, in  2.705 seconds
Platform modules already initialized, skipping
Switching build target platform(5) subTarget(0) extendedPlatform(0) -> platform(13) subTarget(537395200) extendedPlatform(0)
Shader 'Universal Render Pipeline/Particles/Lit': fallback shader 'Universal Render Pipeline/Particles/SimpleLit' not found
Refreshing native plugins compatible for Editor in 0.66 ms, found 0 plugins.
Preloading 0 native plugins for Editor in 0.00 ms.
Unloading 2353 Unused Serialized files (Serialized files now loaded: 0)
System memory in use before: 108.6 MB.
System memory in use after: 108.8 MB.

Unloading 5 unused Assets to reduce memory usage. Loaded Objects now: 2925.
Total: 3.449200 ms (FindLiveObjects: 0.399000 ms CreateObjectMapping: 0.280100 ms MarkObjects: 2.749100 ms  DeleteObjects: 0.019100 ms)

AssetImportParameters requested are different than current active one (requested -> active):
  custom:graphics/normal-map-encoding: 01000000000000000000000000000000 -> 02000000000000000000000000000000
========================================================================
Received Prepare
Registering precompiled user dll's ...
Registered in 0.002853 seconds.
Begin MonoManager ReloadAssembly
Native extension for WindowsStandalone target not found
Refreshing native plugins compatible for Editor in 0.66 ms, found 0 plugins.
Preloading 0 native plugins for Editor in 0.00 ms.
Mono: successfully reloaded assembly
- Completed reload, in  2.163 seconds
Platform modules already initialized, skipping
Switching build target platform(5) subTarget(0) extendedPlatform(0) -> platform(13) subTarget(537395200) extendedPlatform(0)
Shader 'Universal Render Pipeline/Particles/Lit': fallback shader 'Universal Render Pipeline/Particles/SimpleLit' not found
Refreshing native plugins compatible for Editor in 0.63 ms, found 0 plugins.
Preloading 0 native plugins for Editor in 0.00 ms.
Unloading 2353 Unused Serialized files (Serialized files now loaded: 0)
System memory in use before: 108.6 MB.
System memory in use after: 108.8 MB.

Unloading 5 unused Assets to reduce memory usage. Loaded Objects now: 2928.
Total: 2.942000 ms (FindLiveObjects: 0.381400 ms CreateObjectMapping: 0.267700 ms MarkObjects: 2.271400 ms  DeleteObjects: 0.019900 ms)

AssetImportParameters requested are different than current active one (requested -> active):
  custom:graphics/normal-map-encoding: 01000000000000000000000000000000 -> 02000000000000000000000000000000
========================================================================
Received Import Request.
  Time since last request: 369.636646 seconds.
  path: Assets/scripts/GameUIControll/PlaySceneControll.cs
  artifactKey: Guid(9dc174f43f44345438382a971c03b073) Importer(815301076,1909f56bfc062723c751e8b465ee728b)
Start importing Assets/scripts/GameUIControll/PlaySceneControll.cs using Guid(9dc174f43f44345438382a971c03b073) Importer(815301076,1909f56bfc062723c751e8b465ee728b)  -> (artifact id: 'b7da94a626a18c0f11c3c38a8700690d') in 0.012829 seconds
  Import took 0.018299 seconds .

========================================================================
Received Prepare
Registering precompiled user dll's ...
Registered in 0.002163 seconds.
Begin MonoManager ReloadAssembly
Native extension for WindowsStandalone target not found
Refreshing native plugins compatible for Editor in 0.65 ms, found 0 plugins.
Preloading 0 native plugins for Editor in 0.00 ms.
Mono: successfully reloaded assembly
- Completed reload, in  2.609 seconds
Platform modules already initialized, skipping
Switching build target platform(5) subTarget(0) extendedPlatform(0) -> platform(13) subTarget(537395200) extendedPlatform(0)
Shader 'Universal Render Pipeline/Particles/Lit': fallback shader 'Universal Render Pipeline/Particles/SimpleLit' not found
Refreshing native plugins compatible for Editor in 0.60 ms, found 0 plugins.
Preloading 0 native plugins for Editor in 0.00 ms.
Unloading 2353 Unused Serialized files (Serialized files now loaded: 0)
System memory in use before: 108.6 MB.
System memory in use after: 108.8 MB.

Unloading 5 unused Assets to reduce memory usage. Loaded Objects now: 2931.
Total: 2.800500 ms (FindLiveObjects: 0.259000 ms CreateObjectMapping: 0.124000 ms MarkObjects: 2.392600 ms  DeleteObjects: 0.023000 ms)

AssetImportParameters requested are different than current active one (requested -> active):
  custom:graphics/normal-map-encoding: 01000000000000000000000000000000 -> 02000000000000000000000000000000
========================================================================
Received Prepare
Registering precompiled user dll's ...
Registered in 0.002929 seconds.
Begin MonoManager ReloadAssembly
Native extension for WindowsStandalone target not found
Refreshing native plugins compatible for Editor in 1.02 ms, found 0 plugins.
Preloading 0 native plugins for Editor in 0.00 ms.
Mono: successfully reloaded assembly
- Completed reload, in  1.916 seconds
Platform modules already initialized, skipping
Switching build target platform(5) subTarget(0) extendedPlatform(0) -> platform(13) subTarget(537395200) extendedPlatform(0)
Shader 'Universal Render Pipeline/Particles/Lit': fallback shader 'Universal Render Pipeline/Particles/SimpleLit' not found
Refreshing native plugins compatible for Editor in 0.61 ms, found 0 plugins.
Preloading 0 native plugins for Editor in 0.00 ms.
Unloading 2353 Unused Serialized files (Serialized files now loaded: 0)
System memory in use before: 108.5 MB.
System memory in use after: 108.8 MB.

Unloading 5 unused Assets to reduce memory usage. Loaded Objects now: 2934.
Total: 2.617000 ms (FindLiveObjects: 0.272600 ms CreateObjectMapping: 0.124500 ms MarkObjects: 2.191900 ms  DeleteObjects: 0.024200 ms)

AssetImportParameters requested are different than current active one (requested -> active):
  custom:graphics/normal-map-encoding: 01000000000000000000000000000000 -> 02000000000000000000000000000000
========================================================================
Received Prepare
Registering precompiled user dll's ...
Registered in 0.001834 seconds.
Begin MonoManager ReloadAssembly
Native extension for WindowsStandalone target not found
Refreshing native plugins compatible for Editor in 3.40 ms, found 0 plugins.
Preloading 0 native plugins for Editor in 0.00 ms.
Mono: successfully reloaded assembly
- Completed reload, in  1.919 seconds
Platform modules already initialized, skipping
Switching build target platform(5) subTarget(0) extendedPlatform(0) -> platform(13) subTarget(537395200) extendedPlatform(0)
Shader 'Universal Render Pipeline/Particles/Lit': fallback shader 'Universal Render Pipeline/Particles/SimpleLit' not found
Refreshing native plugins compatible for Editor in 0.61 ms, found 0 plugins.
Preloading 0 native plugins for Editor in 0.00 ms.
Unloading 2353 Unused Serialized files (Serialized files now loaded: 0)
System memory in use before: 108.6 MB.
System memory in use after: 108.9 MB.

Unloading 5 unused Assets to reduce memory usage. Loaded Objects now: 2937.
Total: 3.137500 ms (FindLiveObjects: 0.430600 ms CreateObjectMapping: 0.171400 ms MarkObjects: 2.506600 ms  DeleteObjects: 0.026300 ms)

AssetImportParameters requested are different than current active one (requested -> active):
  custom:graphics/normal-map-encoding: 01000000000000000000000000000000 -> 02000000000000000000000000000000
========================================================================
Received Prepare
Registering precompiled user dll's ...
Registered in 0.002378 seconds.
Begin MonoManager ReloadAssembly
Native extension for WindowsStandalone target not found
Refreshing native plugins compatible for Editor in 0.68 ms, found 0 plugins.
Preloading 0 native plugins for Editor in 0.00 ms.
Mono: successfully reloaded assembly
- Completed reload, in  1.316 seconds
Platform modules already initialized, skipping
Switching build target platform(5) subTarget(0) extendedPlatform(0) -> platform(13) subTarget(537395200) extendedPlatform(0)
Shader 'Universal Render Pipeline/Particles/Lit': fallback shader 'Universal Render Pipeline/Particles/SimpleLit' not found
Refreshing native plugins compatible for Editor in 0.69 ms, found 0 plugins.
Preloading 0 native plugins for Editor in 0.00 ms.
Unloading 2353 Unused Serialized files (Serialized files now loaded: 0)
System memory in use before: 108.6 MB.
System memory in use after: 108.9 MB.

Unloading 5 unused Assets to reduce memory usage. Loaded Objects now: 2940.
Total: 2.624700 ms (FindLiveObjects: 0.293700 ms CreateObjectMapping: 0.148100 ms MarkObjects: 2.160900 ms  DeleteObjects: 0.020300 ms)

AssetImportParameters requested are different than current active one (requested -> active):
  custom:graphics/normal-map-encoding: 01000000000000000000000000000000 -> 02000000000000000000000000000000
========================================================================
Received Prepare
Registering precompiled user dll's ...
Registered in 0.001923 seconds.
Begin MonoManager ReloadAssembly
Native extension for WindowsStandalone target not found
Refreshing native plugins compatible for Editor in 0.72 ms, found 0 plugins.
Preloading 0 native plugins for Editor in 0.00 ms.
Mono: successfully reloaded assembly
- Completed reload, in  1.327 seconds
Platform modules already initialized, skipping
Switching build target platform(5) subTarget(0) extendedPlatform(0) -> platform(13) subTarget(537395200) extendedPlatform(0)
Shader 'Universal Render Pipeline/Particles/Lit': fallback shader 'Universal Render Pipeline/Particles/SimpleLit' not found
Refreshing native plugins compatible for Editor in 0.66 ms, found 0 plugins.
Preloading 0 native plugins for Editor in 0.00 ms.
Unloading 2353 Unused Serialized files (Serialized files now loaded: 0)
System memory in use before: 108.7 MB.
System memory in use after: 108.9 MB.

Unloading 5 unused Assets to reduce memory usage. Loaded Objects now: 2943.
Total: 3.006000 ms (FindLiveObjects: 0.406500 ms CreateObjectMapping: 0.261200 ms MarkObjects: 2.308600 ms  DeleteObjects: 0.027800 ms)

AssetImportParameters requested are different than current active one (requested -> active):
  custom:graphics/normal-map-encoding: 01000000000000000000000000000000 -> 02000000000000000000000000000000
========================================================================
Received Import Request.
  Time since last request: 3793.254039 seconds.
  path: Assets/sprites/UI/GameUIIconPack/Mobile Game Icon Pack/Sprites/128x128/button_score_5.png
  artifactKey: Guid(8733db574c3f548bfa41947dc8affd52) Importer(815301076,1909f56bfc062723c751e8b465ee728b)
Start importing Assets/sprites/UI/GameUIIconPack/Mobile Game Icon Pack/Sprites/128x128/button_score_5.png using Guid(8733db574c3f548bfa41947dc8affd52) Importer(815301076,1909f56bfc062723c751e8b465ee728b)  -> (artifact id: 'fbd8c27b473cb42d107d51b2c0417d84') in 0.165222 seconds
  Import took 0.172681 seconds .

========================================================================
Received Import Request.
  Time since last request: 0.000278 seconds.
  path: Assets/sprites/UI/GameUIIconPack/Mobile Game Icon Pack/Sprites/64x64/button_score_6.png
  artifactKey: Guid(a1e20ac0b24574424a62a44c63fc7340) Importer(815301076,1909f56bfc062723c751e8b465ee728b)
Start importing Assets/sprites/UI/GameUIIconPack/Mobile Game Icon Pack/Sprites/64x64/button_score_6.png using Guid(a1e20ac0b24574424a62a44c63fc7340) Importer(815301076,1909f56bfc062723c751e8b465ee728b)  -> (artifact id: '30879a962546cfe1b62a749ce018887f') in 0.038788 seconds
  Import took 0.046161 seconds .

========================================================================
Received Import Request.
  Time since last request: 0.099369 seconds.
  path: Assets/sprites/UI/GameUIIconPack/Mobile Game Icon Pack/Sprites/128x128/button_score_4.png
  artifactKey: Guid(c21855fb91d2d4dff9f88b37c91aba69) Importer(815301076,1909f56bfc062723c751e8b465ee728b)
Start importing Assets/sprites/UI/GameUIIconPack/Mobile Game Icon Pack/Sprites/128x128/button_score_4.png using Guid(c21855fb91d2d4dff9f88b37c91aba69) Importer(815301076,1909f56bfc062723c751e8b465ee728b)  -> (artifact id: '76d67283052ec25fd3ed1f0ca8d0ee34') in 0.037790 seconds
  Import took 0.044702 seconds .

========================================================================
Received Import Request.
  Time since last request: 0.000326 seconds.
  path: Assets/sprites/UI/GameUIIconPack/Mobile Game Icon Pack/Sprites/64x64/button_score_5.png
  artifactKey: Guid(d5e47c315d3b64172876b03d0bd71c33) Importer(815301076,1909f56bfc062723c751e8b465ee728b)
Start importing Assets/sprites/UI/GameUIIconPack/Mobile Game Icon Pack/Sprites/64x64/button_score_5.png using Guid(d5e47c315d3b64172876b03d0bd71c33) Importer(815301076,1909f56bfc062723c751e8b465ee728b)  -> (artifact id: '12a5b3cba321fc5ddd28a408ca3fc039') in 0.032810 seconds
  Import took 0.040350 seconds .

========================================================================
Received Import Request.
  Time since last request: 0.000311 seconds.
  path: Assets/sprites/UI/GameUIIconPack/Mobile Game Icon Pack/Sprites/64x64/button_score_4.png
  artifactKey: Guid(914d9f4f5db5440b4a47462602a300b4) Importer(815301076,1909f56bfc062723c751e8b465ee728b)
Start importing Assets/sprites/UI/GameUIIconPack/Mobile Game Icon Pack/Sprites/64x64/button_score_4.png using Guid(914d9f4f5db5440b4a47462602a300b4) Importer(815301076,1909f56bfc062723c751e8b465ee728b)  -> (artifact id: 'e907ce0aa8e352a7f541fdbe1c306f17') in 0.033987 seconds
  Import took 0.040729 seconds .

========================================================================
Received Import Request.
  Time since last request: 1.146153 seconds.
  path: Assets/sprites/UI/GameUIIconPack/Mobile Game Icon Pack/Sprites/64x64/button_score_1.png
  artifactKey: Guid(115eb9c2e57cb4adfaf3a2001072aedc) Importer(815301076,1909f56bfc062723c751e8b465ee728b)
Start importing Assets/sprites/UI/GameUIIconPack/Mobile Game Icon Pack/Sprites/64x64/button_score_1.png using Guid(115eb9c2e57cb4adfaf3a2001072aedc) Importer(815301076,1909f56bfc062723c751e8b465ee728b)  -> (artifact id: '34a9bb2665d64fd90cfa5246a24d7567') in 0.037316 seconds
  Import took 0.046421 seconds .

========================================================================
Received Import Request.
  Time since last request: 0.000301 seconds.
  path: Assets/sprites/UI/GameUIIconPack/Mobile Game Icon Pack/Sprites/128x128/button_score_1.png
  artifactKey: Guid(e6f0b671fa768455ba13a47e55071566) Importer(815301076,1909f56bfc062723c751e8b465ee728b)
Start importing Assets/sprites/UI/GameUIIconPack/Mobile Game Icon Pack/Sprites/128x128/button_score_1.png using Guid(e6f0b671fa768455ba13a47e55071566) Importer(815301076,1909f56bfc062723c751e8b465ee728b)  -> (artifact id: 'eed460896b17db3097fe3889cb533b94') in 0.031902 seconds
  Import took 0.037817 seconds .

========================================================================
Received Import Request.
  Time since last request: 0.000340 seconds.
  path: Assets/sprites/UI/GameUIIconPack/Mobile Game Icon Pack/Sprites/64x64/button_score_1k.png
  artifactKey: Guid(305d28dcdb1724b84855daf36327d4c9) Importer(815301076,1909f56bfc062723c751e8b465ee728b)
Start importing Assets/sprites/UI/GameUIIconPack/Mobile Game Icon Pack/Sprites/64x64/button_score_1k.png using Guid(305d28dcdb1724b84855daf36327d4c9) Importer(815301076,1909f56bfc062723c751e8b465ee728b)  -> (artifact id: '6f7367171f40232d1f6ca6396b268464') in 0.041164 seconds
  Import took 0.048370 seconds .

========================================================================
Received Import Request.
  Time since last request: 0.000310 seconds.
  path: Assets/sprites/UI/GameUIIconPack/Mobile Game Icon Pack/Sprites/128x128/button_score_0.png
  artifactKey: Guid(90966b7196f944a3d89e9f3eca9ddfc1) Importer(815301076,1909f56bfc062723c751e8b465ee728b)
Start importing Assets/sprites/UI/GameUIIconPack/Mobile Game Icon Pack/Sprites/128x128/button_score_0.png using Guid(90966b7196f944a3d89e9f3eca9ddfc1) Importer(815301076,1909f56bfc062723c751e8b465ee728b)  -> (artifact id: '9235e1c1510b5d1f771de1d9b410da10') in 0.043555 seconds
  Import took 0.051931 seconds .

========================================================================
Received Import Request.
  Time since last request: 0.000325 seconds.
  path: Assets/sprites/UI/GameUIIconPack/Mobile Game Icon Pack/Sprites/64x64/button_restore_purchases.png
  artifactKey: Guid(b34bb978124ee41e287d31490adaeb68) Importer(815301076,1909f56bfc062723c751e8b465ee728b)
Start importing Assets/sprites/UI/GameUIIconPack/Mobile Game Icon Pack/Sprites/64x64/button_restore_purchases.png using Guid(b34bb978124ee41e287d31490adaeb68) Importer(815301076,1909f56bfc062723c751e8b465ee728b)  -> (artifact id: '4268753c8256d616f419f35edbd1f323') in 0.034756 seconds
  Import took 0.040933 seconds .

========================================================================
Received Import Request.
  Time since last request: 0.000266 seconds.
  path: Assets/sprites/UI/GameUIIconPack/Mobile Game Icon Pack/Sprites/64x64/button_score_0.png
  artifactKey: Guid(e0608c3460f81470e9095cc7c1297528) Importer(815301076,1909f56bfc062723c751e8b465ee728b)
Start importing Assets/sprites/UI/GameUIIconPack/Mobile Game Icon Pack/Sprites/64x64/button_score_0.png using Guid(e0608c3460f81470e9095cc7c1297528) Importer(815301076,1909f56bfc062723c751e8b465ee728b)  -> (artifact id: '7ac031ba533531c72cc0e04c1523b40a') in 0.056791 seconds
  Import took 0.063210 seconds .

========================================================================
Received Import Request.
  Time since last request: 0.474709 seconds.
  path: Assets/sprites/UI/GameUIIconPack/Mobile Game Icon Pack/Sprites/64x64/button_restart.png
  artifactKey: Guid(6b22d3f5734df41e5a28726d85c3a4a1) Importer(815301076,1909f56bfc062723c751e8b465ee728b)
Start importing Assets/sprites/UI/GameUIIconPack/Mobile Game Icon Pack/Sprites/64x64/button_restart.png using Guid(6b22d3f5734df41e5a28726d85c3a4a1) Importer(815301076,1909f56bfc062723c751e8b465ee728b)  -> (artifact id: 'e0ccf646f4b6b85363ff38b31db2d60a') in 0.027360 seconds
  Import took 0.036331 seconds .

========================================================================
Received Import Request.
  Time since last request: 0.000334 seconds.
  path: Assets/sprites/UI/GameUIIconPack/Mobile Game Icon Pack/Sprites/128x128/button_restore_purchases.png
  artifactKey: Guid(f14526acb0a19479a8fac86bf010f190) Importer(815301076,1909f56bfc062723c751e8b465ee728b)
Start importing Assets/sprites/UI/GameUIIconPack/Mobile Game Icon Pack/Sprites/128x128/button_restore_purchases.png using Guid(f14526acb0a19479a8fac86bf010f190) Importer(815301076,1909f56bfc062723c751e8b465ee728b)  -> (artifact id: '342af808e6ba7865addd1c7c82dcda57') in 0.033684 seconds
  Import took 0.039421 seconds .

========================================================================
Received Import Request.
  Time since last request: 0.379911 seconds.
  path: Assets/sprites/UI/GameUIIconPack/Mobile Game Icon Pack/Sprites/64x64/button_plus_one.png
  artifactKey: Guid(d68316aa3c47d47ef9a0d5a0144a03be) Importer(815301076,1909f56bfc062723c751e8b465ee728b)
Start importing Assets/sprites/UI/GameUIIconPack/Mobile Game Icon Pack/Sprites/64x64/button_plus_one.png using Guid(d68316aa3c47d47ef9a0d5a0144a03be) Importer(815301076,1909f56bfc062723c751e8b465ee728b)  -> (artifact id: '2c0a287b6294984c7e7f89efd194ead2') in 0.032572 seconds
  Import took 0.040367 seconds .

========================================================================
Received Import Request.
  Time since last request: 0.000279 seconds.
  path: Assets/sprites/UI/GameUIIconPack/Mobile Game Icon Pack/Sprites/128x128/button_restart.png
  artifactKey: Guid(7649231f1fd394b7b9eef81888190697) Importer(815301076,1909f56bfc062723c751e8b465ee728b)
Start importing Assets/sprites/UI/GameUIIconPack/Mobile Game Icon Pack/Sprites/128x128/button_restart.png using Guid(7649231f1fd394b7b9eef81888190697) Importer(815301076,1909f56bfc062723c751e8b465ee728b)  -> (artifact id: 'fa27455a623d82fb6e7561b8ec53ccbb') in 0.031296 seconds
  Import took 0.038052 seconds .

========================================================================
Received Import Request.
  Time since last request: 0.000342 seconds.
  path: Assets/sprites/UI/GameUIIconPack/Mobile Game Icon Pack/Sprites/64x64/button_plus_one.png
  artifactKey: Guid(d68316aa3c47d47ef9a0d5a0144a03be) Importer(815301076,1909f56bfc062723c751e8b465ee728b)
Start importing Assets/sprites/UI/GameUIIconPack/Mobile Game Icon Pack/Sprites/64x64/button_plus_one.png using Guid(d68316aa3c47d47ef9a0d5a0144a03be) Importer(815301076,1909f56bfc062723c751e8b465ee728b)  -> (artifact id: '2c0a287b6294984c7e7f89efd194ead2') in 0.019138 seconds
  Import took 0.026328 seconds .

========================================================================
Received Import Request.
  Time since last request: 0.007766 seconds.
  path: Assets/sprites/UI/GameUIIconPack/Mobile Game Icon Pack/Sprites/128x128/button_restart.png
  artifactKey: Guid(7649231f1fd394b7b9eef81888190697) Importer(815301076,1909f56bfc062723c751e8b465ee728b)
Start importing Assets/sprites/UI/GameUIIconPack/Mobile Game Icon Pack/Sprites/128x128/button_restart.png using Guid(7649231f1fd394b7b9eef81888190697) Importer(815301076,1909f56bfc062723c751e8b465ee728b)  -> (artifact id: 'fa27455a623d82fb6e7561b8ec53ccbb') in 0.021921 seconds
  Import took 0.028046 seconds .

========================================================================
Received Import Request.
  Time since last request: 0.074885 seconds.
  path: Assets/sprites/UI/GameUIIconPack/Mobile Game Icon Pack/Sprites/64x64/button_play.png
  artifactKey: Guid(1b3816febecff4b6d9c7fd8e0e2db91a) Importer(815301076,1909f56bfc062723c751e8b465ee728b)
Start importing Assets/sprites/UI/GameUIIconPack/Mobile Game Icon Pack/Sprites/64x64/button_play.png using Guid(1b3816febecff4b6d9c7fd8e0e2db91a) Importer(815301076,1909f56bfc062723c751e8b465ee728b)  -> (artifact id: '9f3ed565c13d62fdb2aa029d89c553b2') in 0.029094 seconds
  Import took 0.036612 seconds .

========================================================================
Received Import Request.
  Time since last request: 0.000295 seconds.
  path: Assets/sprites/UI/GameUIIconPack/Mobile Game Icon Pack/Sprites/128x128/button_plus_one.png
  artifactKey: Guid(3bd20d99e615b475e87c14309e24c331) Importer(815301076,1909f56bfc062723c751e8b465ee728b)
Start importing Assets/sprites/UI/GameUIIconPack/Mobile Game Icon Pack/Sprites/128x128/button_plus_one.png using Guid(3bd20d99e615b475e87c14309e24c331) Importer(815301076,1909f56bfc062723c751e8b465ee728b)  -> (artifact id: '521658431512bb990872808878da7143') in 0.036258 seconds
  Import took 0.041975 seconds .

========================================================================
Received Import Request.
  Time since last request: 0.065562 seconds.
  path: Assets/sprites/UI/GameUIIconPack/Mobile Game Icon Pack/Sprites/128x128/button_no_ads.png
  artifactKey: Guid(e7c188d1612c84e37836ce3072f465c7) Importer(815301076,1909f56bfc062723c751e8b465ee728b)
Start importing Assets/sprites/UI/GameUIIconPack/Mobile Game Icon Pack/Sprites/128x128/button_no_ads.png using Guid(e7c188d1612c84e37836ce3072f465c7) Importer(815301076,1909f56bfc062723c751e8b465ee728b)  -> (artifact id: '20374881769eaa4af2d2a0dd15845991') in 0.026453 seconds
  Import took 0.031917 seconds .

========================================================================
Received Import Request.
  Time since last request: 0.000266 seconds.
  path: Assets/sprites/UI/GameUIIconPack/Mobile Game Icon Pack/Sprites/128x128/button_play.png
  artifactKey: Guid(d8af2fd377a004958a032e19a6fd391e) Importer(815301076,1909f56bfc062723c751e8b465ee728b)
Start importing Assets/sprites/UI/GameUIIconPack/Mobile Game Icon Pack/Sprites/128x128/button_play.png using Guid(d8af2fd377a004958a032e19a6fd391e) Importer(815301076,1909f56bfc062723c751e8b465ee728b)  -> (artifact id: '0336649d4a808ccd55831c338d7b6bc8') in 0.031609 seconds
  Import took 0.036994 seconds .

========================================================================
Received Import Request.
  Time since last request: 0.620107 seconds.
  path: Assets/sprites/UI/GameUIIconPack/Mobile Game Icon Pack/Sprites/64x64/button_minus_one.png
  artifactKey: Guid(52030647551234c8fad8a38b77be8c71) Importer(815301076,1909f56bfc062723c751e8b465ee728b)
Start importing Assets/sprites/UI/GameUIIconPack/Mobile Game Icon Pack/Sprites/64x64/button_minus_one.png using Guid(52030647551234c8fad8a38b77be8c71) Importer(815301076,1909f56bfc062723c751e8b465ee728b)  -> (artifact id: 'e2075b51b53ce4d235c6aa6d25445028') in 0.030669 seconds
  Import took 0.036457 seconds .

========================================================================
Received Import Request.
  Time since last request: 0.000324 seconds.
  path: Assets/sprites/UI/GameUIIconPack/Mobile Game Icon Pack/Sprites/64x64/button_no_ads.png
  artifactKey: Guid(74c388ced2e7d4b83992a98b59f15311) Importer(815301076,1909f56bfc062723c751e8b465ee728b)
Start importing Assets/sprites/UI/GameUIIconPack/Mobile Game Icon Pack/Sprites/64x64/button_no_ads.png using Guid(74c388ced2e7d4b83992a98b59f15311) Importer(815301076,1909f56bfc062723c751e8b465ee728b)  -> (artifact id: '29da1f109d1a68e1bfb0a67e64506852') in 0.027382 seconds
  Import took 0.033028 seconds .

========================================================================
Received Import Request.
  Time since last request: 0.074145 seconds.
  path: Assets/sprites/UI/GameUIIconPack/Mobile Game Icon Pack/Sprites/64x64/button_lock.png
  artifactKey: Guid(0d7011713b8be4eb681260bb8ad5968d) Importer(815301076,1909f56bfc062723c751e8b465ee728b)
Start importing Assets/sprites/UI/GameUIIconPack/Mobile Game Icon Pack/Sprites/64x64/button_lock.png using Guid(0d7011713b8be4eb681260bb8ad5968d) Importer(815301076,1909f56bfc062723c751e8b465ee728b)  -> (artifact id: '392ef715790766a46e1fbebf14f79310') in 0.024459 seconds
  Import took 0.030521 seconds .

========================================================================
Received Import Request.
  Time since last request: 0.000239 seconds.
  path: Assets/sprites/UI/GameUIIconPack/Mobile Game Icon Pack/Sprites/128x128/button_minus_one.png
  artifactKey: Guid(7d02f6fbec24b4784a23419adc286872) Importer(815301076,1909f56bfc062723c751e8b465ee728b)
Start importing Assets/sprites/UI/GameUIIconPack/Mobile Game Icon Pack/Sprites/128x128/button_minus_one.png using Guid(7d02f6fbec24b4784a23419adc286872) Importer(815301076,1909f56bfc062723c751e8b465ee728b)  -> (artifact id: '37b8b592f31bd986175869346b61982b') in 0.030246 seconds
  Import took 0.036668 seconds .

========================================================================
Received Import Request.
  Time since last request: 0.160028 seconds.
  path: Assets/sprites/UI/GameUIIconPack/Mobile Game Icon Pack/Sprites/128x128/button_leaderboard.png
  artifactKey: Guid(e4b88c4195f8c41efbc312a8693ea0ee) Importer(815301076,1909f56bfc062723c751e8b465ee728b)
Start importing Assets/sprites/UI/GameUIIconPack/Mobile Game Icon Pack/Sprites/128x128/button_leaderboard.png using Guid(e4b88c4195f8c41efbc312a8693ea0ee) Importer(815301076,1909f56bfc062723c751e8b465ee728b)  -> (artifact id: 'bd520741faea3dec4945609f100d0715') in 0.045917 seconds
  Import took 0.055699 seconds .

========================================================================
Received Import Request.
  Time since last request: 0.000361 seconds.
  path: Assets/sprites/UI/GameUIIconPack/Mobile Game Icon Pack/Sprites/128x128/button_lock.png
  artifactKey: Guid(fa7715c04f6ef417595dcd8c8f43862d) Importer(815301076,1909f56bfc062723c751e8b465ee728b)
Start importing Assets/sprites/UI/GameUIIconPack/Mobile Game Icon Pack/Sprites/128x128/button_lock.png using Guid(fa7715c04f6ef417595dcd8c8f43862d) Importer(815301076,1909f56bfc062723c751e8b465ee728b)  -> (artifact id: '19aae0ce20aae5052cb5411345145baa') in 0.033915 seconds
  Import took 0.039693 seconds .

========================================================================
Received Import Request.
  Time since last request: 0.078368 seconds.
  path: Assets/sprites/UI/GameUIIconPack/Mobile Game Icon Pack/Sprites/64x64/button_leaderboard.png
  artifactKey: Guid(840cab56e186b46c3a39932fb0f38d59) Importer(815301076,1909f56bfc062723c751e8b465ee728b)
Start importing Assets/sprites/UI/GameUIIconPack/Mobile Game Icon Pack/Sprites/64x64/button_leaderboard.png using Guid(840cab56e186b46c3a39932fb0f38d59) Importer(815301076,1909f56bfc062723c751e8b465ee728b)  -> (artifact id: '104302aac9575cb1d3adc6c2f31bf792') in 0.025379 seconds
  Import took 0.032744 seconds .

========================================================================
Received Import Request.
  Time since last request: 3.160772 seconds.
  path: Assets/sprites/Game/SMC Pack 1/Pack/30.png
  artifactKey: Guid(78d49f26e949a0847834af9413d3a6a5) Importer(815301076,1909f56bfc062723c751e8b465ee728b)
Start importing Assets/sprites/Game/SMC Pack 1/Pack/30.png using Guid(78d49f26e949a0847834af9413d3a6a5) Importer(815301076,1909f56bfc062723c751e8b465ee728b)  -> (artifact id: '06ca7c716903f8fe312da185d83b8383') in 0.028216 seconds
  Import took 0.036366 seconds .

========================================================================
Received Import Request.
  Time since last request: 0.000302 seconds.
  path: Assets/sprites/UI/GameUIIconPack/Mobile Game Icon Pack/Sprites/64x64/button_buy_1.99.png
  artifactKey: Guid(344d38533402c4e058ee7b07e38db4ee) Importer(815301076,1909f56bfc062723c751e8b465ee728b)
Start importing Assets/sprites/UI/GameUIIconPack/Mobile Game Icon Pack/Sprites/64x64/button_buy_1.99.png using Guid(344d38533402c4e058ee7b07e38db4ee) Importer(815301076,1909f56bfc062723c751e8b465ee728b)  -> (artifact id: '1e37a8911ea484450cbb0cee72f9dc0b') in 0.031002 seconds
  Import took 0.037363 seconds .

========================================================================
Received Import Request.
  Time since last request: 0.429668 seconds.
  path: Assets/sprites/Game/SMC Pack 1/Pack/28.png
  artifactKey: Guid(172af1a52af8c8f4b99cc2094f63c964) Importer(815301076,1909f56bfc062723c751e8b465ee728b)
Start importing Assets/sprites/Game/SMC Pack 1/Pack/28.png using Guid(172af1a52af8c8f4b99cc2094f63c964) Importer(815301076,1909f56bfc062723c751e8b465ee728b)  -> (artifact id: '88c81575ce465b7616cb626b9eaf4bd5') in 0.033298 seconds
  Import took 0.041382 seconds .

========================================================================
Received Import Request.
  Time since last request: 0.000379 seconds.
  path: Assets/sprites/Game/SMC Pack 1/Pack/29.png
  artifactKey: Guid(5d0717f5d784c704ea00bf8e7caa526a) Importer(815301076,1909f56bfc062723c751e8b465ee728b)
Start importing Assets/sprites/Game/SMC Pack 1/Pack/29.png using Guid(5d0717f5d784c704ea00bf8e7caa526a) Importer(815301076,1909f56bfc062723c751e8b465ee728b)  -> (artifact id: '81077a1d01c025f53aaa8f347876754d') in 0.032197 seconds
  Import took 0.037517 seconds .

========================================================================
Received Import Request.
  Time since last request: 1.628088 seconds.
  path: Assets/sprites/Game/SMC Pack 1/Pack/26.png
  artifactKey: Guid(251db2694de2ac14eb720e94e981a174) Importer(815301076,1909f56bfc062723c751e8b465ee728b)
Start importing Assets/sprites/Game/SMC Pack 1/Pack/26.png using Guid(251db2694de2ac14eb720e94e981a174) Importer(815301076,1909f56bfc062723c751e8b465ee728b)  -> (artifact id: '6d0b7fbc4906405316dc316d31e1d739') in 0.033665 seconds
  Import took 0.042674 seconds .

========================================================================
Received Import Request.
  Time since last request: 0.000379 seconds.
  path: Assets/sprites/Game/SMC Pack 1/Pack/27.png
  artifactKey: Guid(25c22f5bb0413da42a370ff1f888273b) Importer(815301076,1909f56bfc062723c751e8b465ee728b)
Start importing Assets/sprites/Game/SMC Pack 1/Pack/27.png using Guid(25c22f5bb0413da42a370ff1f888273b) Importer(815301076,1909f56bfc062723c751e8b465ee728b)  -> (artifact id: '9c075c1b0f79992b4a70d7dfa2bd350b') in 0.033740 seconds
  Import took 0.039683 seconds .

========================================================================
Received Import Request.
  Time since last request: 0.529664 seconds.
  path: Assets/sprites/Game/SMC Pack 1/Pack/24.png
  artifactKey: Guid(b75d390301d6d414fa126751bd2edf0c) Importer(815301076,1909f56bfc062723c751e8b465ee728b)
Start importing Assets/sprites/Game/SMC Pack 1/Pack/24.png using Guid(b75d390301d6d414fa126751bd2edf0c) Importer(815301076,1909f56bfc062723c751e8b465ee728b)  -> (artifact id: '3944ad03b406a45c920f0872396f70c1') in 0.028419 seconds
  Import took 0.037329 seconds .

========================================================================
Received Import Request.
  Time since last request: 0.000284 seconds.
  path: Assets/sprites/Game/SMC Pack 1/Pack/25.png
  artifactKey: Guid(1fcf98984d1c01f40b488b6333111121) Importer(815301076,1909f56bfc062723c751e8b465ee728b)
Start importing Assets/sprites/Game/SMC Pack 1/Pack/25.png using Guid(1fcf98984d1c01f40b488b6333111121) Importer(815301076,1909f56bfc062723c751e8b465ee728b)  -> (artifact id: '7caad13007e03997138996d462df6c74') in 0.032188 seconds
  Import took 0.038670 seconds .

========================================================================
Received Import Request.
  Time since last request: 0.483272 seconds.
  path: Assets/sprites/Game/SMC Pack 1/Pack/23.png
  artifactKey: Guid(901bc5b5e8668354ab9c0dffdc0c40b3) Importer(815301076,1909f56bfc062723c751e8b465ee728b)
Start importing Assets/sprites/Game/SMC Pack 1/Pack/23.png using Guid(901bc5b5e8668354ab9c0dffdc0c40b3) Importer(815301076,1909f56bfc062723c751e8b465ee728b)  -> (artifact id: '2da3260927d7ea03224d58294677dd92') in 0.031911 seconds
  Import took 0.042918 seconds .

========================================================================
Received Import Request.
  Time since last request: 5.492995 seconds.
  path: Assets/sprites/Game/SMC Pack 1/Pack/12.png
  artifactKey: Guid(666f45a1953efde4aacb8867e4d0d8f5) Importer(815301076,1909f56bfc062723c751e8b465ee728b)
Start importing Assets/sprites/Game/SMC Pack 1/Pack/12.png using Guid(666f45a1953efde4aacb8867e4d0d8f5) Importer(815301076,1909f56bfc062723c751e8b465ee728b)  -> (artifact id: '15939b6925467fc6900b0b9ec6332802') in 0.043127 seconds
  Import took 0.054062 seconds .

========================================================================
Received Import Request.
  Time since last request: 0.000551 seconds.
  path: Assets/sprites/Game/SMC Pack 1/Pack/13.png
  artifactKey: Guid(7c110cdb0312c374c8ac6c435b8c85dc) Importer(815301076,1909f56bfc062723c751e8b465ee728b)
Start importing Assets/sprites/Game/SMC Pack 1/Pack/13.png using Guid(7c110cdb0312c374c8ac6c435b8c85dc) Importer(815301076,1909f56bfc062723c751e8b465ee728b)  -> (artifact id: '5378ade0867b1a22e0fa66003611e6a8') in 0.032600 seconds
  Import took 0.039106 seconds .

========================================================================
Received Import Request.
  Time since last request: 0.728921 seconds.
  path: Assets/sprites/Game/SMC Pack 1/Bonus/10.png
  artifactKey: Guid(d2893520cfd08024fbdfa6519681c5a7) Importer(815301076,1909f56bfc062723c751e8b465ee728b)
Start importing Assets/sprites/Game/SMC Pack 1/Bonus/10.png using Guid(d2893520cfd08024fbdfa6519681c5a7) Importer(815301076,1909f56bfc062723c751e8b465ee728b)  -> (artifact id: '4b2b39db808e1e8e922557dd2ae3166d') in 0.045727 seconds
  Import took 0.054564 seconds .

========================================================================
Received Import Request.
  Time since last request: 0.000288 seconds.
  path: Assets/sprites/Game/SMC Pack 1/Pack/11.png
  artifactKey: Guid(9e4e4703d1388a043ab4fee5563e2c5d) Importer(815301076,1909f56bfc062723c751e8b465ee728b)
Start importing Assets/sprites/Game/SMC Pack 1/Pack/11.png using Guid(9e4e4703d1388a043ab4fee5563e2c5d) Importer(815301076,1909f56bfc062723c751e8b465ee728b)  -> (artifact id: '535afee6d5e14a8e7e568f29edac5b2b') in 0.034207 seconds
  Import took 0.038922 seconds .

========================================================================
Received Import Request.
  Time since last request: 0.647298 seconds.
  path: Assets/sprites/Game/SMC Pack 1/Pack/9.png
  artifactKey: Guid(7c90b54608d60f944ac10eb6ae445272) Importer(815301076,1909f56bfc062723c751e8b465ee728b)
Start importing Assets/sprites/Game/SMC Pack 1/Pack/9.png using Guid(7c90b54608d60f944ac10eb6ae445272) Importer(815301076,1909f56bfc062723c751e8b465ee728b)  -> (artifact id: '46b89d69a710de52aaa0547da3474e1d') in 0.034614 seconds
  Import took 0.045150 seconds .

========================================================================
Received Import Request.
  Time since last request: 0.000385 seconds.
  path: Assets/sprites/Game/SMC Pack 1/Pack/10.png
  artifactKey: Guid(0bb68d41cd332d746a2ea8c8c6bebc01) Importer(815301076,1909f56bfc062723c751e8b465ee728b)
Start importing Assets/sprites/Game/SMC Pack 1/Pack/10.png using Guid(0bb68d41cd332d746a2ea8c8c6bebc01) Importer(815301076,1909f56bfc062723c751e8b465ee728b)  -> (artifact id: '25e80d169e94b1f6e7d39906fb71844b') in 0.027195 seconds
  Import took 0.033858 seconds .

========================================================================
Received Import Request.
  Time since last request: 1.606580 seconds.
  path: Assets/sprites/Game/SMC Pack 1/Bonus/9.png
  artifactKey: Guid(72ed2f2022c632e4ba6448e308a9dea9) Importer(815301076,1909f56bfc062723c751e8b465ee728b)
Start importing Assets/sprites/Game/SMC Pack 1/Bonus/9.png using Guid(72ed2f2022c632e4ba6448e308a9dea9) Importer(815301076,1909f56bfc062723c751e8b465ee728b)  -> (artifact id: 'ec4f5fbe81287ab8fdf6995e00cf1571') in 0.031177 seconds
  Import took 0.041716 seconds .

========================================================================
Received Prepare
Registering precompiled user dll's ...
Registered in 0.001883 seconds.
Begin MonoManager ReloadAssembly
Native extension for WindowsStandalone target not found
Refreshing native plugins compatible for Editor in 0.67 ms, found 0 plugins.
Preloading 0 native plugins for Editor in 0.00 ms.
Mono: successfully reloaded assembly
- Completed reload, in  1.265 seconds
Platform modules already initialized, skipping
Switching build target platform(5) subTarget(0) extendedPlatform(0) -> platform(13) subTarget(537395200) extendedPlatform(0)
Shader 'Universal Render Pipeline/Particles/Lit': fallback shader 'Universal Render Pipeline/Particles/SimpleLit' not found
Refreshing native plugins compatible for Editor in 0.61 ms, found 0 plugins.
Preloading 0 native plugins for Editor in 0.00 ms.
Unloading 2353 Unused Serialized files (Serialized files now loaded: 0)
System memory in use before: 111.6 MB.
System memory in use after: 111.9 MB.

Unloading 5 unused Assets to reduce memory usage. Loaded Objects now: 2960.
Total: 2.967800 ms (FindLiveObjects: 0.266900 ms CreateObjectMapping: 0.123800 ms MarkObjects: 2.554300 ms  DeleteObjects: 0.020800 ms)

AssetImportParameters requested are different than current active one (requested -> active):
  custom:graphics/normal-map-encoding: 01000000000000000000000000000000 -> 02000000000000000000000000000000
========================================================================
Received Prepare
Registering precompiled user dll's ...
Registered in 0.002082 seconds.
Begin MonoManager ReloadAssembly
Native extension for WindowsStandalone target not found
Refreshing native plugins compatible for Editor in 0.65 ms, found 0 plugins.
Preloading 0 native plugins for Editor in 0.00 ms.
Mono: successfully reloaded assembly
- Completed reload, in  1.439 seconds
Platform modules already initialized, skipping
Switching build target platform(5) subTarget(0) extendedPlatform(0) -> platform(13) subTarget(537395200) extendedPlatform(0)
Shader 'Universal Render Pipeline/Particles/Lit': fallback shader 'Universal Render Pipeline/Particles/SimpleLit' not found
Refreshing native plugins compatible for Editor in 0.60 ms, found 0 plugins.
Preloading 0 native plugins for Editor in 0.00 ms.
Unloading 2353 Unused Serialized files (Serialized files now loaded: 0)
System memory in use before: 111.6 MB.
System memory in use after: 111.8 MB.

Unloading 5 unused Assets to reduce memory usage. Loaded Objects now: 2963.
Total: 2.897000 ms (FindLiveObjects: 0.452000 ms CreateObjectMapping: 0.174300 ms MarkObjects: 2.245300 ms  DeleteObjects: 0.023800 ms)

AssetImportParameters requested are different than current active one (requested -> active):
  custom:graphics/normal-map-encoding: 01000000000000000000000000000000 -> 02000000000000000000000000000000
========================================================================
Received Prepare
Registering precompiled user dll's ...
Registered in 0.001798 seconds.
Begin MonoManager ReloadAssembly
Native extension for WindowsStandalone target not found
Refreshing native plugins compatible for Editor in 0.66 ms, found 0 plugins.
Preloading 0 native plugins for Editor in 0.00 ms.
Mono: successfully reloaded assembly
- Completed reload, in  1.339 seconds
Platform modules already initialized, skipping
Switching build target platform(5) subTarget(0) extendedPlatform(0) -> platform(13) subTarget(537395200) extendedPlatform(0)
Shader 'Universal Render Pipeline/Particles/Lit': fallback shader 'Universal Render Pipeline/Particles/SimpleLit' not found
Refreshing native plugins compatible for Editor in 0.61 ms, found 0 plugins.
Preloading 0 native plugins for Editor in 0.00 ms.
Unloading 2353 Unused Serialized files (Serialized files now loaded: 0)
System memory in use before: 111.7 MB.
System memory in use after: 111.9 MB.

Unloading 5 unused Assets to reduce memory usage. Loaded Objects now: 2966.
Total: 2.645600 ms (FindLiveObjects: 0.281200 ms CreateObjectMapping: 0.133700 ms MarkObjects: 2.205300 ms  DeleteObjects: 0.024000 ms)

AssetImportParameters requested are different than current active one (requested -> active):
  custom:graphics/normal-map-encoding: 01000000000000000000000000000000 -> 02000000000000000000000000000000
========================================================================
Received Prepare
Registering precompiled user dll's ...
Registered in 0.002315 seconds.
Begin MonoManager ReloadAssembly
Native extension for WindowsStandalone target not found
Refreshing native plugins compatible for Editor in 0.65 ms, found 0 plugins.
Preloading 0 native plugins for Editor in 0.00 ms.
Mono: successfully reloaded assembly
- Completed reload, in  1.417 seconds
Platform modules already initialized, skipping
Switching build target platform(5) subTarget(0) extendedPlatform(0) -> platform(13) subTarget(537395200) extendedPlatform(0)
Shader 'Universal Render Pipeline/Particles/Lit': fallback shader 'Universal Render Pipeline/Particles/SimpleLit' not found
Refreshing native plugins compatible for Editor in 0.72 ms, found 0 plugins.
Preloading 0 native plugins for Editor in 0.00 ms.
Unloading 2353 Unused Serialized files (Serialized files now loaded: 0)
System memory in use before: 111.7 MB.
System memory in use after: 111.9 MB.

Unloading 5 unused Assets to reduce memory usage. Loaded Objects now: 2969.
Total: 4.101400 ms (FindLiveObjects: 0.479400 ms CreateObjectMapping: 0.199400 ms MarkObjects: 3.393400 ms  DeleteObjects: 0.027000 ms)

AssetImportParameters requested are different than current active one (requested -> active):
  custom:graphics/normal-map-encoding: 01000000000000000000000000000000 -> 02000000000000000000000000000000
========================================================================
Received Prepare
Registering precompiled user dll's ...
Registered in 0.002703 seconds.
Begin MonoManager ReloadAssembly
Native extension for WindowsStandalone target not found
Refreshing native plugins compatible for Editor in 0.68 ms, found 0 plugins.
Preloading 0 native plugins for Editor in 0.00 ms.
Mono: successfully reloaded assembly
- Completed reload, in  2.138 seconds
Platform modules already initialized, skipping
Switching build target platform(5) subTarget(0) extendedPlatform(0) -> platform(13) subTarget(537395200) extendedPlatform(0)
Shader 'Universal Render Pipeline/Particles/Lit': fallback shader 'Universal Render Pipeline/Particles/SimpleLit' not found
Refreshing native plugins compatible for Editor in 0.61 ms, found 0 plugins.
Preloading 0 native plugins for Editor in 0.00 ms.
Unloading 2353 Unused Serialized files (Serialized files now loaded: 0)
System memory in use before: 111.7 MB.
System memory in use after: 111.9 MB.

Unloading 5 unused Assets to reduce memory usage. Loaded Objects now: 2972.
Total: 3.083400 ms (FindLiveObjects: 0.555000 ms CreateObjectMapping: 0.233100 ms MarkObjects: 2.270700 ms  DeleteObjects: 0.022600 ms)

AssetImportParameters requested are different than current active one (requested -> active):
  custom:graphics/normal-map-encoding: 01000000000000000000000000000000 -> 02000000000000000000000000000000
========================================================================
Received Prepare
Registering precompiled user dll's ...
Registered in 0.001876 seconds.
Begin MonoManager ReloadAssembly
Native extension for WindowsStandalone target not found
Refreshing native plugins compatible for Editor in 0.78 ms, found 0 plugins.
Preloading 0 native plugins for Editor in 0.00 ms.
Mono: successfully reloaded assembly
- Completed reload, in  1.456 seconds
Platform modules already initialized, skipping
Switching build target platform(5) subTarget(0) extendedPlatform(0) -> platform(13) subTarget(537395200) extendedPlatform(0)
Shader 'Universal Render Pipeline/Particles/Lit': fallback shader 'Universal Render Pipeline/Particles/SimpleLit' not found
Refreshing native plugins compatible for Editor in 0.64 ms, found 0 plugins.
Preloading 0 native plugins for Editor in 0.00 ms.
Unloading 2353 Unused Serialized files (Serialized files now loaded: 0)
System memory in use before: 111.7 MB.
System memory in use after: 111.9 MB.

Unloading 5 unused Assets to reduce memory usage. Loaded Objects now: 2975.
Total: 3.220400 ms (FindLiveObjects: 0.399200 ms CreateObjectMapping: 0.284300 ms MarkObjects: 2.516000 ms  DeleteObjects: 0.019500 ms)

AssetImportParameters requested are different than current active one (requested -> active):
  custom:graphics/normal-map-encoding: 01000000000000000000000000000000 -> 02000000000000000000000000000000
========================================================================
Received Prepare
Registering precompiled user dll's ...
Registered in 0.001905 seconds.
Begin MonoManager ReloadAssembly
Native extension for WindowsStandalone target not found
Refreshing native plugins compatible for Editor in 0.73 ms, found 0 plugins.
Preloading 0 native plugins for Editor in 0.00 ms.
Mono: successfully reloaded assembly
- Completed reload, in  1.413 seconds
Platform modules already initialized, skipping
Switching build target platform(5) subTarget(0) extendedPlatform(0) -> platform(13) subTarget(537395200) extendedPlatform(0)
Shader 'Universal Render Pipeline/Particles/Lit': fallback shader 'Universal Render Pipeline/Particles/SimpleLit' not found
Refreshing native plugins compatible for Editor in 0.61 ms, found 0 plugins.
Preloading 0 native plugins for Editor in 0.00 ms.
Unloading 2353 Unused Serialized files (Serialized files now loaded: 0)
System memory in use before: 111.6 MB.
System memory in use after: 111.8 MB.

Unloading 5 unused Assets to reduce memory usage. Loaded Objects now: 2978.
Total: 3.063500 ms (FindLiveObjects: 0.277300 ms CreateObjectMapping: 0.123200 ms MarkObjects: 2.638900 ms  DeleteObjects: 0.021300 ms)

AssetImportParameters requested are different than current active one (requested -> active):
  custom:graphics/normal-map-encoding: 01000000000000000000000000000000 -> 02000000000000000000000000000000
========================================================================
Received Prepare
Registering precompiled user dll's ...
Registered in 0.002256 seconds.
Begin MonoManager ReloadAssembly
Native extension for WindowsStandalone target not found
Refreshing native plugins compatible for Editor in 0.67 ms, found 0 plugins.
Preloading 0 native plugins for Editor in 0.00 ms.
Mono: successfully reloaded assembly
- Completed reload, in  1.585 seconds
Platform modules already initialized, skipping
Switching build target platform(5) subTarget(0) extendedPlatform(0) -> platform(13) subTarget(537395200) extendedPlatform(0)
Shader 'Universal Render Pipeline/Particles/Lit': fallback shader 'Universal Render Pipeline/Particles/SimpleLit' not found
Refreshing native plugins compatible for Editor in 0.65 ms, found 0 plugins.
Preloading 0 native plugins for Editor in 0.00 ms.
Unloading 2353 Unused Serialized files (Serialized files now loaded: 0)
System memory in use before: 111.7 MB.
System memory in use after: 111.9 MB.

Unloading 5 unused Assets to reduce memory usage. Loaded Objects now: 2981.
Total: 3.381200 ms (FindLiveObjects: 0.385000 ms CreateObjectMapping: 0.264500 ms MarkObjects: 2.708900 ms  DeleteObjects: 0.020500 ms)

AssetImportParameters requested are different than current active one (requested -> active):
  custom:graphics/normal-map-encoding: 01000000000000000000000000000000 -> 02000000000000000000000000000000
========================================================================
Received Prepare
Registering precompiled user dll's ...
Registered in 0.003037 seconds.
Begin MonoManager ReloadAssembly
Native extension for WindowsStandalone target not found
Refreshing native plugins compatible for Editor in 0.65 ms, found 0 plugins.
Preloading 0 native plugins for Editor in 0.00 ms.
Mono: successfully reloaded assembly
- Completed reload, in  1.928 seconds
Platform modules already initialized, skipping
Switching build target platform(5) subTarget(0) extendedPlatform(0) -> platform(13) subTarget(537395200) extendedPlatform(0)
Shader 'Universal Render Pipeline/Particles/Lit': fallback shader 'Universal Render Pipeline/Particles/SimpleLit' not found
Refreshing native plugins compatible for Editor in 0.61 ms, found 0 plugins.
Preloading 0 native plugins for Editor in 0.00 ms.
Unloading 2353 Unused Serialized files (Serialized files now loaded: 0)
System memory in use before: 111.7 MB.
System memory in use after: 111.9 MB.

Unloading 5 unused Assets to reduce memory usage. Loaded Objects now: 2984.
Total: 2.853700 ms (FindLiveObjects: 0.277600 ms CreateObjectMapping: 0.124600 ms MarkObjects: 2.423200 ms  DeleteObjects: 0.026500 ms)

AssetImportParameters requested are different than current active one (requested -> active):
  custom:graphics/normal-map-encoding: 01000000000000000000000000000000 -> 02000000000000000000000000000000
========================================================================
Received Prepare
Registering precompiled user dll's ...
Registered in 0.001900 seconds.
Begin MonoManager ReloadAssembly
Native extension for WindowsStandalone target not found
Refreshing native plugins compatible for Editor in 0.68 ms, found 0 plugins.
Preloading 0 native plugins for Editor in 0.00 ms.
Mono: successfully reloaded assembly
- Completed reload, in  1.431 seconds
Platform modules already initialized, skipping
Switching build target platform(5) subTarget(0) extendedPlatform(0) -> platform(13) subTarget(537395200) extendedPlatform(0)
Shader 'Universal Render Pipeline/Particles/Lit': fallback shader 'Universal Render Pipeline/Particles/SimpleLit' not found
Refreshing native plugins compatible for Editor in 0.63 ms, found 0 plugins.
Preloading 0 native plugins for Editor in 0.00 ms.
Unloading 2353 Unused Serialized files (Serialized files now loaded: 0)
System memory in use before: 111.7 MB.
System memory in use after: 111.9 MB.

Unloading 5 unused Assets to reduce memory usage. Loaded Objects now: 2987.
Total: 2.612900 ms (FindLiveObjects: 0.307800 ms CreateObjectMapping: 0.134100 ms MarkObjects: 2.146500 ms  DeleteObjects: 0.022600 ms)

AssetImportParameters requested are different than current active one (requested -> active):
  custom:graphics/normal-map-encoding: 01000000000000000000000000000000 -> 02000000000000000000000000000000
========================================================================
Received Prepare
Registering precompiled user dll's ...
Registered in 0.001809 seconds.
Begin MonoManager ReloadAssembly
Native extension for WindowsStandalone target not found
Refreshing native plugins compatible for Editor in 0.64 ms, found 0 plugins.
Preloading 0 native plugins for Editor in 0.00 ms.
Mono: successfully reloaded assembly
- Completed reload, in  2.062 seconds
Platform modules already initialized, skipping
Switching build target platform(5) subTarget(0) extendedPlatform(0) -> platform(13) subTarget(537395200) extendedPlatform(0)
Shader 'Universal Render Pipeline/Particles/Lit': fallback shader 'Universal Render Pipeline/Particles/SimpleLit' not found
Refreshing native plugins compatible for Editor in 0.60 ms, found 0 plugins.
Preloading 0 native plugins for Editor in 0.00 ms.
Unloading 2353 Unused Serialized files (Serialized files now loaded: 0)
System memory in use before: 111.7 MB.
System memory in use after: 111.9 MB.

Unloading 5 unused Assets to reduce memory usage. Loaded Objects now: 2990.
Total: 3.188300 ms (FindLiveObjects: 0.441100 ms CreateObjectMapping: 0.147100 ms MarkObjects: 2.574700 ms  DeleteObjects: 0.023200 ms)

AssetImportParameters requested are different than current active one (requested -> active):
  custom:graphics/normal-map-encoding: 01000000000000000000000000000000 -> 02000000000000000000000000000000
========================================================================
Received Prepare
Registering precompiled user dll's ...
Registered in 0.002054 seconds.
Begin MonoManager ReloadAssembly
Native extension for WindowsStandalone target not found
Refreshing native plugins compatible for Editor in 0.65 ms, found 0 plugins.
Preloading 0 native plugins for Editor in 0.00 ms.
Mono: successfully reloaded assembly
- Completed reload, in  1.694 seconds
Platform modules already initialized, skipping
Switching build target platform(5) subTarget(0) extendedPlatform(0) -> platform(13) subTarget(537395200) extendedPlatform(0)
Shader 'Universal Render Pipeline/Particles/Lit': fallback shader 'Universal Render Pipeline/Particles/SimpleLit' not found
Refreshing native plugins compatible for Editor in 1.08 ms, found 0 plugins.
Preloading 0 native plugins for Editor in 0.00 ms.
Unloading 2353 Unused Serialized files (Serialized files now loaded: 0)
System memory in use before: 111.6 MB.
System memory in use after: 111.8 MB.

Unloading 5 unused Assets to reduce memory usage. Loaded Objects now: 2993.
Total: 3.303300 ms (FindLiveObjects: 0.471000 ms CreateObjectMapping: 0.171800 ms MarkObjects: 2.632100 ms  DeleteObjects: 0.026300 ms)

AssetImportParameters requested are different than current active one (requested -> active):
  custom:graphics/normal-map-encoding: 01000000000000000000000000000000 -> 02000000000000000000000000000000
========================================================================
Received Prepare
Registering precompiled user dll's ...
Registered in 0.001886 seconds.
Begin MonoManager ReloadAssembly
Native extension for WindowsStandalone target not found
Refreshing native plugins compatible for Editor in 0.65 ms, found 0 plugins.
Preloading 0 native plugins for Editor in 0.00 ms.
Mono: successfully reloaded assembly
- Completed reload, in  1.508 seconds
Platform modules already initialized, skipping
Switching build target platform(5) subTarget(0) extendedPlatform(0) -> platform(13) subTarget(537395200) extendedPlatform(0)
Shader 'Universal Render Pipeline/Particles/Lit': fallback shader 'Universal Render Pipeline/Particles/SimpleLit' not found
Refreshing native plugins compatible for Editor in 0.63 ms, found 0 plugins.
Preloading 0 native plugins for Editor in 0.00 ms.
Unloading 2353 Unused Serialized files (Serialized files now loaded: 0)
System memory in use before: 111.7 MB.
System memory in use after: 111.9 MB.

Unloading 5 unused Assets to reduce memory usage. Loaded Objects now: 2996.
Total: 5.831200 ms (FindLiveObjects: 0.552000 ms CreateObjectMapping: 0.259400 ms MarkObjects: 4.967100 ms  DeleteObjects: 0.050200 ms)

AssetImportParameters requested are different than current active one (requested -> active):
  custom:graphics/normal-map-encoding: 01000000000000000000000000000000 -> 02000000000000000000000000000000
========================================================================
Received Prepare
Registering precompiled user dll's ...
Registered in 0.002262 seconds.
Begin MonoManager ReloadAssembly
Native extension for WindowsStandalone target not found
Refreshing native plugins compatible for Editor in 0.65 ms, found 0 plugins.
Preloading 0 native plugins for Editor in 0.00 ms.
Mono: successfully reloaded assembly
- Completed reload, in  1.390 seconds
Platform modules already initialized, skipping
Switching build target platform(5) subTarget(0) extendedPlatform(0) -> platform(13) subTarget(537395200) extendedPlatform(0)
Shader 'Universal Render Pipeline/Particles/Lit': fallback shader 'Universal Render Pipeline/Particles/SimpleLit' not found
Refreshing native plugins compatible for Editor in 0.60 ms, found 0 plugins.
Preloading 0 native plugins for Editor in 0.00 ms.
Unloading 2353 Unused Serialized files (Serialized files now loaded: 0)
System memory in use before: 111.7 MB.
System memory in use after: 111.9 MB.

Unloading 5 unused Assets to reduce memory usage. Loaded Objects now: 2999.
Total: 2.987500 ms (FindLiveObjects: 0.454500 ms CreateObjectMapping: 0.155500 ms MarkObjects: 2.355200 ms  DeleteObjects: 0.020300 ms)

AssetImportParameters requested are different than current active one (requested -> active):
  custom:graphics/normal-map-encoding: 01000000000000000000000000000000 -> 02000000000000000000000000000000
========================================================================
Received Prepare
Registering precompiled user dll's ...
Registered in 0.001961 seconds.
Begin MonoManager ReloadAssembly
Native extension for WindowsStandalone target not found
Refreshing native plugins compatible for Editor in 0.65 ms, found 0 plugins.
Preloading 0 native plugins for Editor in 0.00 ms.
Mono: successfully reloaded assembly
- Completed reload, in  1.405 seconds
Platform modules already initialized, skipping
Switching build target platform(5) subTarget(0) extendedPlatform(0) -> platform(13) subTarget(537395200) extendedPlatform(0)
Shader 'Universal Render Pipeline/Particles/Lit': fallback shader 'Universal Render Pipeline/Particles/SimpleLit' not found
Refreshing native plugins compatible for Editor in 0.70 ms, found 0 plugins.
Preloading 0 native plugins for Editor in 0.00 ms.
Unloading 2353 Unused Serialized files (Serialized files now loaded: 0)
System memory in use before: 111.7 MB.
System memory in use after: 112.0 MB.

Unloading 5 unused Assets to reduce memory usage. Loaded Objects now: 3002.
Total: 2.664200 ms (FindLiveObjects: 0.345500 ms CreateObjectMapping: 0.143000 ms MarkObjects: 2.150500 ms  DeleteObjects: 0.023700 ms)

AssetImportParameters requested are different than current active one (requested -> active):
  custom:graphics/normal-map-encoding: 01000000000000000000000000000000 -> 02000000000000000000000000000000
========================================================================
Received Prepare
Registering precompiled user dll's ...
Registered in 0.003528 seconds.
Begin MonoManager ReloadAssembly
Native extension for WindowsStandalone target not found
Refreshing native plugins compatible for Editor in 0.65 ms, found 0 plugins.
Preloading 0 native plugins for Editor in 0.00 ms.
Mono: successfully reloaded assembly
- Completed reload, in  1.531 seconds
Platform modules already initialized, skipping
Switching build target platform(5) subTarget(0) extendedPlatform(0) -> platform(13) subTarget(537395200) extendedPlatform(0)
Shader 'Universal Render Pipeline/Particles/Lit': fallback shader 'Universal Render Pipeline/Particles/SimpleLit' not found
Refreshing native plugins compatible for Editor in 0.68 ms, found 0 plugins.
Preloading 0 native plugins for Editor in 0.00 ms.
Unloading 2353 Unused Serialized files (Serialized files now loaded: 0)
System memory in use before: 111.7 MB.
System memory in use after: 112.0 MB.

Unloading 5 unused Assets to reduce memory usage. Loaded Objects now: 3005.
Total: 3.155500 ms (FindLiveObjects: 0.376600 ms CreateObjectMapping: 0.252700 ms MarkObjects: 2.494700 ms  DeleteObjects: 0.029800 ms)

AssetImportParameters requested are different than current active one (requested -> active):
  custom:graphics/normal-map-encoding: 01000000000000000000000000000000 -> 02000000000000000000000000000000
========================================================================
Received Prepare
Registering precompiled user dll's ...
Registered in 0.002949 seconds.
Begin MonoManager ReloadAssembly
Native extension for WindowsStandalone target not found
Refreshing native plugins compatible for Editor in 0.66 ms, found 0 plugins.
Preloading 0 native plugins for Editor in 0.00 ms.
Mono: successfully reloaded assembly
- Completed reload, in  1.427 seconds
Platform modules already initialized, skipping
Switching build target platform(5) subTarget(0) extendedPlatform(0) -> platform(13) subTarget(537395200) extendedPlatform(0)
Shader 'Universal Render Pipeline/Particles/Lit': fallback shader 'Universal Render Pipeline/Particles/SimpleLit' not found
Refreshing native plugins compatible for Editor in 0.65 ms, found 0 plugins.
Preloading 0 native plugins for Editor in 0.00 ms.
Unloading 2353 Unused Serialized files (Serialized files now loaded: 0)
System memory in use before: 111.6 MB.
System memory in use after: 111.9 MB.

Unloading 5 unused Assets to reduce memory usage. Loaded Objects now: 3008.
Total: 3.825100 ms (FindLiveObjects: 0.582900 ms CreateObjectMapping: 0.293800 ms MarkObjects: 2.911100 ms  DeleteObjects: 0.035200 ms)

AssetImportParameters requested are different than current active one (requested -> active):
  custom:graphics/normal-map-encoding: 01000000000000000000000000000000 -> 02000000000000000000000000000000
========================================================================
Received Prepare
Registering precompiled user dll's ...
Registered in 0.002044 seconds.
Begin MonoManager ReloadAssembly
Native extension for WindowsStandalone target not found
Refreshing native plugins compatible for Editor in 0.66 ms, found 0 plugins.
Preloading 0 native plugins for Editor in 0.00 ms.
Mono: successfully reloaded assembly
- Completed reload, in  1.502 seconds
Platform modules already initialized, skipping
Switching build target platform(5) subTarget(0) extendedPlatform(0) -> platform(13) subTarget(537395200) extendedPlatform(0)
Shader 'Universal Render Pipeline/Particles/Lit': fallback shader 'Universal Render Pipeline/Particles/SimpleLit' not found
Refreshing native plugins compatible for Editor in 0.63 ms, found 0 plugins.
Preloading 0 native plugins for Editor in 0.00 ms.
Unloading 2353 Unused Serialized files (Serialized files now loaded: 0)
System memory in use before: 111.8 MB.
System memory in use after: 112.0 MB.

Unloading 5 unused Assets to reduce memory usage. Loaded Objects now: 3011.
Total: 2.620400 ms (FindLiveObjects: 0.280000 ms CreateObjectMapping: 0.133800 ms MarkObjects: 2.181200 ms  DeleteObjects: 0.023500 ms)

AssetImportParameters requested are different than current active one (requested -> active):
  custom:graphics/normal-map-encoding: 01000000000000000000000000000000 -> 02000000000000000000000000000000
========================================================================
Received Import Request.
  Time since last request: 2131.320181 seconds.
  path: Assets/prefabs/zombie lvl2.prefab
  artifactKey: Guid(b1fb77cf67d7d46468760316ec069931) Importer(815301076,1909f56bfc062723c751e8b465ee728b)
Start importing Assets/prefabs/zombie lvl2.prefab using Guid(b1fb77cf67d7d46468760316ec069931) Importer(815301076,1909f56bfc062723c751e8b465ee728b)  -> (artifact id: '9b7ae0533533bfb2a36531660d01da18') in 0.415240 seconds
  Import took 0.423778 seconds .

========================================================================
Received Import Request.
  Time since last request: 0.000344 seconds.
  path: Assets/prefabs/zombie lvl3.prefab
  artifactKey: Guid(404451f5497a5cd4d945417244b1ee1e) Importer(815301076,1909f56bfc062723c751e8b465ee728b)
Start importing Assets/prefabs/zombie lvl3.prefab using Guid(404451f5497a5cd4d945417244b1ee1e) Importer(815301076,1909f56bfc062723c751e8b465ee728b)  -> (artifact id: 'e40a5a0890623aa7a4abd226b5ace953') in 0.097471 seconds
  Import took 0.105279 seconds .

========================================================================
Received Import Request.
  Time since last request: 3.075563 seconds.
  path: Assets/prefabs/Other/Canvas.prefab
  artifactKey: Guid(6cae46a0400eab1449ffcf8e4f15323f) Importer(815301076,1909f56bfc062723c751e8b465ee728b)
Start importing Assets/prefabs/Other/Canvas.prefab using Guid(6cae46a0400eab1449ffcf8e4f15323f) Importer(815301076,1909f56bfc062723c751e8b465ee728b)  -> (artifact id: 'd6c3e79708192b4dcfce5a7b7f0773f9') in 0.027161 seconds
  Import took 0.037484 seconds .

========================================================================
Received Import Request.
  Time since last request: 1.617034 seconds.
  path: Assets/prefabs/Other/Canvas.prefab
  artifactKey: Guid(6cae46a0400eab1449ffcf8e4f15323f) Importer(815301076,1909f56bfc062723c751e8b465ee728b)
Start importing Assets/prefabs/Other/Canvas.prefab using Guid(6cae46a0400eab1449ffcf8e4f15323f) Importer(815301076,1909f56bfc062723c751e8b465ee728b)  -> (artifact id: '44f2db2de742374cba10469fd058eeb8') in 0.012641 seconds
  Import took 0.019049 seconds .

========================================================================
Received Import Request.
  Time since last request: 10.034424 seconds.
  path: Assets/prefabs/Other/Canvas.prefab
  artifactKey: Guid(6cae46a0400eab1449ffcf8e4f15323f) Importer(815301076,1909f56bfc062723c751e8b465ee728b)
Start importing Assets/prefabs/Other/Canvas.prefab using Guid(6cae46a0400eab1449ffcf8e4f15323f) Importer(815301076,1909f56bfc062723c751e8b465ee728b)  -> (artifact id: 'd0eff4407375127377363bf479ac54ec') in 0.010830 seconds
  Import took 0.017587 seconds .

========================================================================
Received Import Request.
  Time since last request: 13.180314 seconds.
  path: Assets/prefabs/Other/Canvas.prefab
  artifactKey: Guid(6cae46a0400eab1449ffcf8e4f15323f) Importer(815301076,1909f56bfc062723c751e8b465ee728b)
Start importing Assets/prefabs/Other/Canvas.prefab using Guid(6cae46a0400eab1449ffcf8e4f15323f) Importer(815301076,1909f56bfc062723c751e8b465ee728b)  -> (artifact id: 'fe894a25a10c5e914876c6596fa8e98b') in 0.010745 seconds
  Import took 0.019433 seconds .

========================================================================
Received Import Request.
  Time since last request: 9.737501 seconds.
  path: Assets/prefabs/Other/Canvas.prefab
  artifactKey: Guid(6cae46a0400eab1449ffcf8e4f15323f) Importer(815301076,1909f56bfc062723c751e8b465ee728b)
Start importing Assets/prefabs/Other/Canvas.prefab using Guid(6cae46a0400eab1449ffcf8e4f15323f) Importer(815301076,1909f56bfc062723c751e8b465ee728b)  -> (artifact id: 'b5afaf40d653906b242e9c65df45d8ac') in 0.011718 seconds
  Import took 0.017031 seconds .

========================================================================
Received Import Request.
  Time since last request: 3.700135 seconds.
  path: Assets/prefabs/Other/Canvas.prefab
  artifactKey: Guid(6cae46a0400eab1449ffcf8e4f15323f) Importer(815301076,1909f56bfc062723c751e8b465ee728b)
Start importing Assets/prefabs/Other/Canvas.prefab using Guid(6cae46a0400eab1449ffcf8e4f15323f) Importer(815301076,1909f56bfc062723c751e8b465ee728b)  -> (artifact id: '49f799059ffbefdf9057f3071434dfa6') in 0.010863 seconds
  Import took 0.018329 seconds .

========================================================================
Received Import Request.
  Time since last request: 9.151950 seconds.
  path: Assets/prefabs/Other/Canvas.prefab
  artifactKey: Guid(6cae46a0400eab1449ffcf8e4f15323f) Importer(815301076,1909f56bfc062723c751e8b465ee728b)
Start importing Assets/prefabs/Other/Canvas.prefab using Guid(6cae46a0400eab1449ffcf8e4f15323f) Importer(815301076,1909f56bfc062723c751e8b465ee728b)  -> (artifact id: 'c2cb7b6d348e9aeff59ee1b83bf7addf') in 0.010639 seconds
  Import took 0.016558 seconds .

========================================================================
Received Prepare
Registering precompiled user dll's ...
Registered in 0.002363 seconds.
Begin MonoManager ReloadAssembly
Native extension for WindowsStandalone target not found
Refreshing native plugins compatible for Editor in 0.65 ms, found 0 plugins.
Preloading 0 native plugins for Editor in 0.00 ms.
Mono: successfully reloaded assembly
- Completed reload, in  1.551 seconds
Platform modules already initialized, skipping
Switching build target platform(5) subTarget(0) extendedPlatform(0) -> platform(13) subTarget(537395200) extendedPlatform(0)
Shader 'Universal Render Pipeline/Particles/Lit': fallback shader 'Universal Render Pipeline/Particles/SimpleLit' not found
Refreshing native plugins compatible for Editor in 0.62 ms, found 0 plugins.
Preloading 0 native plugins for Editor in 0.00 ms.
Unloading 2353 Unused Serialized files (Serialized files now loaded: 0)
System memory in use before: 127.7 MB.
System memory in use after: 127.9 MB.

Unloading 6 unused Assets to reduce memory usage. Loaded Objects now: 3057.
Total: 2.836100 ms (FindLiveObjects: 0.319400 ms CreateObjectMapping: 0.142000 ms MarkObjects: 2.339600 ms  DeleteObjects: 0.032900 ms)

AssetImportParameters requested are different than current active one (requested -> active):
  custom:graphics/normal-map-encoding: 01000000000000000000000000000000 -> 02000000000000000000000000000000
